Arguments: 
  C:\Program Files\nodejs\node.exe C:\Users\Administrator\AppData\Roaming\npm\node_modules\yarn\bin\yarn.js add --offline express

PATH: 
  C:\Users\Administrator\AppData\Roaming\npm;C:\Program Files\nodejs\;C:\Windows\System32

Yarn version: 
  1.22.10

Node version: 
  13.14.0

Platform: 
  win32 ia32

Trace: 
  Invariant Violation: There should only be one folder in a package cache (got  in C:\Users\Administrator\AppData\Local\Yarn\Cache\v6\npm-mini-css-extract-plugin-0.11.3-15b0910a7f32e62ffde4a7430cfefbd700724ea6-integrity\node_modules)
      at invariant (C:\Users\Administrator\AppData\Roaming\npm\node_modules\yarn\lib\cli.js:2314:15)
      at C:\Users\Administrator\AppData\Roaming\npm\node_modules\yarn\lib\cli.js:60674:7
      at Generator.next (<anonymous>)
      at step (C:\Users\Administrator\AppData\Roaming\npm\node_modules\yarn\lib\cli.js:310:30)
      at C:\Users\Administrator\AppData\Roaming\npm\node_modules\yarn\lib\cli.js:321:13

npm manifest: 
  {
    "name": "webdev",
    "version": "1.0.0",
    "description": "\"a complete web dev with node express full stack site\"",
    "main": "index.js",
    "scripts": {
      "test": "echo \"Error: no test specified\" && exit 1"
    },
    "author": "dipesh khedkar",
    "license": "ISC"
  }

yarn manifest: 
  No manifest

Lockfile: 
  No lockfile
